mode: set
gitea-cicd.apps.aws2-dev.ocp.14west.io/cicd/trackmate-message-consumer/pkg/validator/validate.go:13.59,17.27 4 1
gitea-cicd.apps.aws2-dev.ocp.14west.io/cicd/trackmate-message-consumer/pkg/validator/validate.go:25.2,25.12 1 1
gitea-cicd.apps.aws2-dev.ocp.14west.io/cicd/trackmate-message-consumer/pkg/validator/validate.go:17.27,18.15 1 1
gitea-cicd.apps.aws2-dev.ocp.14west.io/cicd/trackmate-message-consumer/pkg/validator/validate.go:23.3,23.69 1 1
gitea-cicd.apps.aws2-dev.ocp.14west.io/cicd/trackmate-message-consumer/pkg/validator/validate.go:18.15,21.4 2 1
gitea-cicd.apps.aws2-dev.ocp.14west.io/cicd/trackmate-message-consumer/pkg/validator/validate.go:30.50,44.23 2 1
gitea-cicd.apps.aws2-dev.ocp.14west.io/cicd/trackmate-message-consumer/pkg/validator/validate.go:49.2,49.12 1 1
gitea-cicd.apps.aws2-dev.ocp.14west.io/cicd/trackmate-message-consumer/pkg/validator/validate.go:44.23,45.54 1 1
gitea-cicd.apps.aws2-dev.ocp.14west.io/cicd/trackmate-message-consumer/pkg/validator/validate.go:45.54,47.4 1 1
gitea-cicd.apps.aws2-dev.ocp.14west.io/cicd/trackmate-message-consumer/pkg/handlers/consumer.go:19.36,23.15 2 1
gitea-cicd.apps.aws2-dev.ocp.14west.io/cicd/trackmate-message-consumer/pkg/handlers/consumer.go:29.2,41.12 7 1
gitea-cicd.apps.aws2-dev.ocp.14west.io/cicd/trackmate-message-consumer/pkg/handlers/consumer.go:62.2,63.59 2 1
gitea-cicd.apps.aws2-dev.ocp.14west.io/cicd/trackmate-message-consumer/pkg/handlers/consumer.go:23.15,24.36 1 1
gitea-cicd.apps.aws2-dev.ocp.14west.io/cicd/trackmate-message-consumer/pkg/handlers/consumer.go:24.36,25.14 1 0
gitea-cicd.apps.aws2-dev.ocp.14west.io/cicd/trackmate-message-consumer/pkg/handlers/consumer.go:41.12,42.7 1 1
gitea-cicd.apps.aws2-dev.ocp.14west.io/cicd/trackmate-message-consumer/pkg/handlers/consumer.go:42.7,43.11 1 1
gitea-cicd.apps.aws2-dev.ocp.14west.io/cicd/trackmate-message-consumer/pkg/handlers/consumer.go:44.27,47.55 3 1
gitea-cicd.apps.aws2-dev.ocp.14west.io/cicd/trackmate-message-consumer/pkg/handlers/consumer.go:51.35,54.25 3 1
gitea-cicd.apps.aws2-dev.ocp.14west.io/cicd/trackmate-message-consumer/pkg/handlers/consumer.go:55.19,57.25 2 0
gitea-cicd.apps.aws2-dev.ocp.14west.io/cicd/trackmate-message-consumer/pkg/handlers/consumer.go:47.55,50.6 2 0
gitea-cicd.apps.aws2-dev.ocp.14west.io/cicd/trackmate-message-consumer/pkg/handlers/consumer.go:67.139,72.31 4 1
gitea-cicd.apps.aws2-dev.ocp.14west.io/cicd/trackmate-message-consumer/pkg/handlers/consumer.go:109.2,109.26 1 1
gitea-cicd.apps.aws2-dev.ocp.14west.io/cicd/trackmate-message-consumer/pkg/handlers/consumer.go:72.31,74.52 2 1
gitea-cicd.apps.aws2-dev.ocp.14west.io/cicd/trackmate-message-consumer/pkg/handlers/consumer.go:78.3,78.34 1 1
gitea-cicd.apps.aws2-dev.ocp.14west.io/cicd/trackmate-message-consumer/pkg/handlers/consumer.go:74.52,75.12 1 0
gitea-cicd.apps.aws2-dev.ocp.14west.io/cicd/trackmate-message-consumer/pkg/handlers/consumer.go:78.34,80.33 2 1
gitea-cicd.apps.aws2-dev.ocp.14west.io/cicd/trackmate-message-consumer/pkg/handlers/consumer.go:80.33,83.19 2 1
gitea-cicd.apps.aws2-dev.ocp.14west.io/cicd/trackmate-message-consumer/pkg/handlers/consumer.go:87.5,88.62 2 1
gitea-cicd.apps.aws2-dev.ocp.14west.io/cicd/trackmate-message-consumer/pkg/handlers/consumer.go:83.19,85.11 2 1
gitea-cicd.apps.aws2-dev.ocp.14west.io/cicd/trackmate-message-consumer/pkg/handlers/consumer.go:88.62,89.10 1 1
gitea-cicd.apps.aws2-dev.ocp.14west.io/cicd/trackmate-message-consumer/pkg/handlers/consumer.go:89.10,90.14 1 1
gitea-cicd.apps.aws2-dev.ocp.14west.io/cicd/trackmate-message-consumer/pkg/handlers/consumer.go:91.49,93.68 2 1
gitea-cicd.apps.aws2-dev.ocp.14west.io/cicd/trackmate-message-consumer/pkg/handlers/consumer.go:95.41,100.22 4 1
gitea-cicd.apps.aws2-dev.ocp.14west.io/cicd/trackmate-message-consumer/pkg/handlers/consumer.go:100.22,102.9 1 1
gitea-cicd.apps.aws2-dev.ocp.14west.io/cicd/trackmate-message-consumer/pkg/handlers/consumer.go:113.75,119.16 3 1
gitea-cicd.apps.aws2-dev.ocp.14west.io/cicd/trackmate-message-consumer/pkg/handlers/consumer.go:119.16,123.50 3 1
gitea-cicd.apps.aws2-dev.ocp.14west.io/cicd/trackmate-message-consumer/pkg/handlers/consumer.go:156.3,157.17 2 1
gitea-cicd.apps.aws2-dev.ocp.14west.io/cicd/trackmate-message-consumer/pkg/handlers/consumer.go:163.3,164.13 2 1
gitea-cicd.apps.aws2-dev.ocp.14west.io/cicd/trackmate-message-consumer/pkg/handlers/consumer.go:123.50,126.19 2 1
gitea-cicd.apps.aws2-dev.ocp.14west.io/cicd/trackmate-message-consumer/pkg/handlers/consumer.go:130.4,144.28 14 1
gitea-cicd.apps.aws2-dev.ocp.14west.io/cicd/trackmate-message-consumer/pkg/handlers/consumer.go:126.19,129.5 2 1
gitea-cicd.apps.aws2-dev.ocp.14west.io/cicd/trackmate-message-consumer/pkg/handlers/consumer.go:145.9,148.19 2 0
gitea-cicd.apps.aws2-dev.ocp.14west.io/cicd/trackmate-message-consumer/pkg/handlers/consumer.go:148.19,151.5 2 0
gitea-cicd.apps.aws2-dev.ocp.14west.io/cicd/trackmate-message-consumer/pkg/handlers/consumer.go:157.17,160.4 2 0
gitea-cicd.apps.aws2-dev.ocp.14west.io/cicd/trackmate-message-consumer/pkg/handlers/consumer.go:166.8,169.3 2 1
gitea-cicd.apps.aws2-dev.ocp.14west.io/cicd/trackmate-message-consumer/pkg/handlers/consumer-mock.go:50.69,51.19 1 1
gitea-cicd.apps.aws2-dev.ocp.14west.io/cicd/trackmate-message-consumer/pkg/handlers/consumer-mock.go:55.2,60.10 2 1
gitea-cicd.apps.aws2-dev.ocp.14west.io/cicd/trackmate-message-consumer/pkg/handlers/consumer-mock.go:51.19,53.3 1 1
gitea-cicd.apps.aws2-dev.ocp.14west.io/cicd/trackmate-message-consumer/pkg/handlers/consumer-mock.go:66.116,70.89 3 1
gitea-cicd.apps.aws2-dev.ocp.14west.io/cicd/trackmate-message-consumer/pkg/handlers/consumer-mock.go:75.2,76.17 2 1
gitea-cicd.apps.aws2-dev.ocp.14west.io/cicd/trackmate-message-consumer/pkg/handlers/consumer-mock.go:80.2,80.51 1 1
gitea-cicd.apps.aws2-dev.ocp.14west.io/cicd/trackmate-message-consumer/pkg/handlers/consumer-mock.go:84.2,85.16 2 1
gitea-cicd.apps.aws2-dev.ocp.14west.io/cicd/trackmate-message-consumer/pkg/handlers/consumer-mock.go:70.89,73.3 2 1
gitea-cicd.apps.aws2-dev.ocp.14west.io/cicd/trackmate-message-consumer/pkg/handlers/consumer-mock.go:76.17,78.3 1 0
gitea-cicd.apps.aws2-dev.ocp.14west.io/cicd/trackmate-message-consumer/pkg/handlers/consumer-mock.go:80.51,82.3 1 0
gitea-cicd.apps.aws2-dev.ocp.14west.io/cicd/trackmate-message-consumer/pkg/handlers/consumer-mock.go:89.47,93.23 3 1
gitea-cicd.apps.aws2-dev.ocp.14west.io/cicd/trackmate-message-consumer/pkg/handlers/consumer-mock.go:98.2,99.32 2 1
gitea-cicd.apps.aws2-dev.ocp.14west.io/cicd/trackmate-message-consumer/pkg/handlers/consumer-mock.go:102.2,102.20 1 1
gitea-cicd.apps.aws2-dev.ocp.14west.io/cicd/trackmate-message-consumer/pkg/handlers/consumer-mock.go:93.23,96.3 2 0
gitea-cicd.apps.aws2-dev.ocp.14west.io/cicd/trackmate-message-consumer/pkg/handlers/consumer-mock.go:99.32,101.3 1 1
gitea-cicd.apps.aws2-dev.ocp.14west.io/cicd/trackmate-message-consumer/pkg/handlers/consumer-mock.go:106.62,110.23 3 1
gitea-cicd.apps.aws2-dev.ocp.14west.io/cicd/trackmate-message-consumer/pkg/handlers/consumer-mock.go:114.2,114.30 1 1
gitea-cicd.apps.aws2-dev.ocp.14west.io/cicd/trackmate-message-consumer/pkg/handlers/consumer-mock.go:118.2,118.31 1 1
gitea-cicd.apps.aws2-dev.ocp.14west.io/cicd/trackmate-message-consumer/pkg/handlers/consumer-mock.go:110.23,113.3 2 0
gitea-cicd.apps.aws2-dev.ocp.14west.io/cicd/trackmate-message-consumer/pkg/handlers/consumer-mock.go:114.30,116.3 1 0
gitea-cicd.apps.aws2-dev.ocp.14west.io/cicd/trackmate-message-consumer/pkg/handlers/consumer-mock.go:121.64,124.2 2 0
gitea-cicd.apps.aws2-dev.ocp.14west.io/cicd/trackmate-message-consumer/pkg/handlers/consumer-mock.go:128.34,132.50 3 1
gitea-cicd.apps.aws2-dev.ocp.14west.io/cicd/trackmate-message-consumer/pkg/handlers/consumer-mock.go:138.2,138.12 1 1
gitea-cicd.apps.aws2-dev.ocp.14west.io/cicd/trackmate-message-consumer/pkg/handlers/consumer-mock.go:132.50,133.48 1 1
gitea-cicd.apps.aws2-dev.ocp.14west.io/cicd/trackmate-message-consumer/pkg/handlers/consumer-mock.go:133.48,135.4 1 1
gitea-cicd.apps.aws2-dev.ocp.14west.io/cicd/trackmate-message-consumer/pkg/handlers/consumer-mock.go:143.66,148.2 3 1
gitea-cicd.apps.aws2-dev.ocp.14west.io/cicd/trackmate-message-consumer/pkg/handlers/consumer-mock.go:156.107,160.40 3 1
gitea-cicd.apps.aws2-dev.ocp.14west.io/cicd/trackmate-message-consumer/pkg/handlers/consumer-mock.go:164.2,164.51 1 1
gitea-cicd.apps.aws2-dev.ocp.14west.io/cicd/trackmate-message-consumer/pkg/handlers/consumer-mock.go:175.2,175.47 1 1
gitea-cicd.apps.aws2-dev.ocp.14west.io/cicd/trackmate-message-consumer/pkg/handlers/consumer-mock.go:160.40,162.3 1 1
gitea-cicd.apps.aws2-dev.ocp.14west.io/cicd/trackmate-message-consumer/pkg/handlers/consumer-mock.go:164.51,173.3 1 1
gitea-cicd.apps.aws2-dev.ocp.14west.io/cicd/trackmate-message-consumer/pkg/handlers/consumer-mock.go:199.43,200.27 1 1
gitea-cicd.apps.aws2-dev.ocp.14west.io/cicd/trackmate-message-consumer/pkg/handlers/consumer-mock.go:200.27,203.3 2 1
gitea-cicd.apps.aws2-dev.ocp.14west.io/cicd/trackmate-message-consumer/pkg/handlers/consumer-mock.go:208.44,209.18 1 1
gitea-cicd.apps.aws2-dev.ocp.14west.io/cicd/trackmate-message-consumer/pkg/handlers/consumer-mock.go:214.2,214.52 1 1
gitea-cicd.apps.aws2-dev.ocp.14west.io/cicd/trackmate-message-consumer/pkg/handlers/consumer-mock.go:218.2,218.56 1 1
gitea-cicd.apps.aws2-dev.ocp.14west.io/cicd/trackmate-message-consumer/pkg/handlers/consumer-mock.go:222.2,230.12 4 1
gitea-cicd.apps.aws2-dev.ocp.14west.io/cicd/trackmate-message-consumer/pkg/handlers/consumer-mock.go:243.2,244.12 2 1
gitea-cicd.apps.aws2-dev.ocp.14west.io/cicd/trackmate-message-consumer/pkg/handlers/consumer-mock.go:251.2,252.17 2 1
gitea-cicd.apps.aws2-dev.ocp.14west.io/cicd/trackmate-message-consumer/pkg/handlers/consumer-mock.go:209.18,212.3 2 0
gitea-cicd.apps.aws2-dev.ocp.14west.io/cicd/trackmate-message-consumer/pkg/handlers/consumer-mock.go:214.52,216.3 1 0
gitea-cicd.apps.aws2-dev.ocp.14west.io/cicd/trackmate-message-consumer/pkg/handlers/consumer-mock.go:218.56,220.3 1 0
gitea-cicd.apps.aws2-dev.ocp.14west.io/cicd/trackmate-message-consumer/pkg/handlers/consumer-mock.go:230.12,234.30 3 1
gitea-cicd.apps.aws2-dev.ocp.14west.io/cicd/trackmate-message-consumer/pkg/handlers/consumer-mock.go:238.3,238.20 1 1
gitea-cicd.apps.aws2-dev.ocp.14west.io/cicd/trackmate-message-consumer/pkg/handlers/consumer-mock.go:234.30,236.4 1 0
gitea-cicd.apps.aws2-dev.ocp.14west.io/cicd/trackmate-message-consumer/pkg/handlers/consumer-mock.go:238.20,240.4 1 0
gitea-cicd.apps.aws2-dev.ocp.14west.io/cicd/trackmate-message-consumer/pkg/handlers/consumer-mock.go:244.12,246.25 2 1
gitea-cicd.apps.aws2-dev.ocp.14west.io/cicd/trackmate-message-consumer/pkg/handlers/consumer-mock.go:246.26,248.4 0 1
gitea-cicd.apps.aws2-dev.ocp.14west.io/cicd/trackmate-message-consumer/pkg/handlers/consumer-mock.go:256.68,258.2 1 1
gitea-cicd.apps.aws2-dev.ocp.14west.io/cicd/trackmate-message-consumer/pkg/handlers/consumer-mock.go:261.72,263.2 1 1
gitea-cicd.apps.aws2-dev.ocp.14west.io/cicd/trackmate-message-consumer/pkg/handlers/consumer-mock.go:265.58,267.2 1 0
gitea-cicd.apps.aws2-dev.ocp.14west.io/cicd/trackmate-message-consumer/pkg/handlers/consumer-mock.go:274.72,283.2 6 1
gitea-cicd.apps.aws2-dev.ocp.14west.io/cicd/trackmate-message-consumer/pkg/handlers/consumer-mock.go:290.52,296.2 1 1
gitea-cicd.apps.aws2-dev.ocp.14west.io/cicd/trackmate-message-consumer/pkg/handlers/consumer-mock.go:301.61,303.2 1 0
gitea-cicd.apps.aws2-dev.ocp.14west.io/cicd/trackmate-message-consumer/pkg/handlers/consumer-mock.go:308.59,310.2 1 0
