mode: set
gitea-cicd.apps.aws2-dev.ocp.14west.io/cicd/trackmate-message-consumer/pkg/validator/validate.go:13.59,17.27 4 1
gitea-cicd.apps.aws2-dev.ocp.14west.io/cicd/trackmate-message-consumer/pkg/validator/validate.go:25.2,25.12 1 1
gitea-cicd.apps.aws2-dev.ocp.14west.io/cicd/trackmate-message-consumer/pkg/validator/validate.go:17.27,18.15 1 1
gitea-cicd.apps.aws2-dev.ocp.14west.io/cicd/trackmate-message-consumer/pkg/validator/validate.go:23.3,23.69 1 1
gitea-cicd.apps.aws2-dev.ocp.14west.io/cicd/trackmate-message-consumer/pkg/validator/validate.go:18.15,21.4 2 1
gitea-cicd.apps.aws2-dev.ocp.14west.io/cicd/trackmate-message-consumer/pkg/validator/validate.go:30.50,38.23 2 1
gitea-cicd.apps.aws2-dev.ocp.14west.io/cicd/trackmate-message-consumer/pkg/validator/validate.go:43.2,43.12 1 1
gitea-cicd.apps.aws2-dev.ocp.14west.io/cicd/trackmate-message-consumer/pkg/validator/validate.go:38.23,39.54 1 1
gitea-cicd.apps.aws2-dev.ocp.14west.io/cicd/trackmate-message-consumer/pkg/validator/validate.go:39.54,41.4 1 1
gitea-cicd.apps.aws2-dev.ocp.14west.io/cicd/trackmate-message-consumer/pkg/handlers/consumer-mock.go:50.69,51.19 1 1
gitea-cicd.apps.aws2-dev.ocp.14west.io/cicd/trackmate-message-consumer/pkg/handlers/consumer-mock.go:55.2,60.10 2 1
gitea-cicd.apps.aws2-dev.ocp.14west.io/cicd/trackmate-message-consumer/pkg/handlers/consumer-mock.go:51.19,53.3 1 1
gitea-cicd.apps.aws2-dev.ocp.14west.io/cicd/trackmate-message-consumer/pkg/handlers/consumer-mock.go:66.116,70.89 3 1
gitea-cicd.apps.aws2-dev.ocp.14west.io/cicd/trackmate-message-consumer/pkg/handlers/consumer-mock.go:75.2,76.17 2 1
gitea-cicd.apps.aws2-dev.ocp.14west.io/cicd/trackmate-message-consumer/pkg/handlers/consumer-mock.go:80.2,80.51 1 1
gitea-cicd.apps.aws2-dev.ocp.14west.io/cicd/trackmate-message-consumer/pkg/handlers/consumer-mock.go:84.2,85.16 2 1
gitea-cicd.apps.aws2-dev.ocp.14west.io/cicd/trackmate-message-consumer/pkg/handlers/consumer-mock.go:70.89,73.3 2 1
gitea-cicd.apps.aws2-dev.ocp.14west.io/cicd/trackmate-message-consumer/pkg/handlers/consumer-mock.go:76.17,78.3 1 0
gitea-cicd.apps.aws2-dev.ocp.14west.io/cicd/trackmate-message-consumer/pkg/handlers/consumer-mock.go:80.51,82.3 1 0
gitea-cicd.apps.aws2-dev.ocp.14west.io/cicd/trackmate-message-consumer/pkg/handlers/consumer-mock.go:89.47,99.32 4 1
gitea-cicd.apps.aws2-dev.ocp.14west.io/cicd/trackmate-message-consumer/pkg/handlers/consumer-mock.go:102.2,102.20 1 1
gitea-cicd.apps.aws2-dev.ocp.14west.io/cicd/trackmate-message-consumer/pkg/handlers/consumer-mock.go:99.32,101.3 1 1
gitea-cicd.apps.aws2-dev.ocp.14west.io/cicd/trackmate-message-consumer/pkg/handlers/consumer-mock.go:106.62,119.2 3 1
gitea-cicd.apps.aws2-dev.ocp.14west.io/cicd/trackmate-message-consumer/pkg/handlers/consumer-mock.go:121.64,124.2 2 0
gitea-cicd.apps.aws2-dev.ocp.14west.io/cicd/trackmate-message-consumer/pkg/handlers/consumer-mock.go:128.34,132.50 3 1
gitea-cicd.apps.aws2-dev.ocp.14west.io/cicd/trackmate-message-consumer/pkg/handlers/consumer-mock.go:138.2,138.12 1 1
gitea-cicd.apps.aws2-dev.ocp.14west.io/cicd/trackmate-message-consumer/pkg/handlers/consumer-mock.go:132.50,133.48 1 1
gitea-cicd.apps.aws2-dev.ocp.14west.io/cicd/trackmate-message-consumer/pkg/handlers/consumer-mock.go:133.48,135.4 1 1
gitea-cicd.apps.aws2-dev.ocp.14west.io/cicd/trackmate-message-consumer/pkg/handlers/consumer-mock.go:143.66,148.2 3 1
gitea-cicd.apps.aws2-dev.ocp.14west.io/cicd/trackmate-message-consumer/pkg/handlers/consumer-mock.go:156.107,160.40 3 1
gitea-cicd.apps.aws2-dev.ocp.14west.io/cicd/trackmate-message-consumer/pkg/handlers/consumer-mock.go:164.2,164.51 1 1
gitea-cicd.apps.aws2-dev.ocp.14west.io/cicd/trackmate-message-consumer/pkg/handlers/consumer-mock.go:175.2,175.47 1 1
gitea-cicd.apps.aws2-dev.ocp.14west.io/cicd/trackmate-message-consumer/pkg/handlers/consumer-mock.go:160.40,162.3 1 1
gitea-cicd.apps.aws2-dev.ocp.14west.io/cicd/trackmate-message-consumer/pkg/handlers/consumer-mock.go:164.51,173.3 1 1
gitea-cicd.apps.aws2-dev.ocp.14west.io/cicd/trackmate-message-consumer/pkg/handlers/consumer-mock.go:199.43,200.27 1 1
gitea-cicd.apps.aws2-dev.ocp.14west.io/cicd/trackmate-message-consumer/pkg/handlers/consumer-mock.go:200.27,203.3 2 1
gitea-cicd.apps.aws2-dev.ocp.14west.io/cicd/trackmate-message-consumer/pkg/handlers/consumer-mock.go:208.44,209.18 1 1
gitea-cicd.apps.aws2-dev.ocp.14west.io/cicd/trackmate-message-consumer/pkg/handlers/consumer-mock.go:214.2,214.52 1 1
gitea-cicd.apps.aws2-dev.ocp.14west.io/cicd/trackmate-message-consumer/pkg/handlers/consumer-mock.go:218.2,218.56 1 1
gitea-cicd.apps.aws2-dev.ocp.14west.io/cicd/trackmate-message-consumer/pkg/handlers/consumer-mock.go:222.2,230.12 4 1
gitea-cicd.apps.aws2-dev.ocp.14west.io/cicd/trackmate-message-consumer/pkg/handlers/consumer-mock.go:243.2,244.12 2 1
gitea-cicd.apps.aws2-dev.ocp.14west.io/cicd/trackmate-message-consumer/pkg/handlers/consumer-mock.go:251.2,252.17 2 1
gitea-cicd.apps.aws2-dev.ocp.14west.io/cicd/trackmate-message-consumer/pkg/handlers/consumer-mock.go:209.18,212.3 2 0
gitea-cicd.apps.aws2-dev.ocp.14west.io/cicd/trackmate-message-consumer/pkg/handlers/consumer-mock.go:214.52,216.3 1 0
gitea-cicd.apps.aws2-dev.ocp.14west.io/cicd/trackmate-message-consumer/pkg/handlers/consumer-mock.go:218.56,220.3 1 0
gitea-cicd.apps.aws2-dev.ocp.14west.io/cicd/trackmate-message-consumer/pkg/handlers/consumer-mock.go:230.12,234.30 3 1
gitea-cicd.apps.aws2-dev.ocp.14west.io/cicd/trackmate-message-consumer/pkg/handlers/consumer-mock.go:238.3,238.20 1 1
gitea-cicd.apps.aws2-dev.ocp.14west.io/cicd/trackmate-message-consumer/pkg/handlers/consumer-mock.go:234.30,236.4 1 1
gitea-cicd.apps.aws2-dev.ocp.14west.io/cicd/trackmate-message-consumer/pkg/handlers/consumer-mock.go:238.20,240.4 1 1
gitea-cicd.apps.aws2-dev.ocp.14west.io/cicd/trackmate-message-consumer/pkg/handlers/consumer-mock.go:244.12,246.25 2 1
gitea-cicd.apps.aws2-dev.ocp.14west.io/cicd/trackmate-message-consumer/pkg/handlers/consumer-mock.go:246.26,248.4 0 1
gitea-cicd.apps.aws2-dev.ocp.14west.io/cicd/trackmate-message-consumer/pkg/handlers/consumer-mock.go:256.68,258.2 1 1
gitea-cicd.apps.aws2-dev.ocp.14west.io/cicd/trackmate-message-consumer/pkg/handlers/consumer-mock.go:261.72,263.2 1 1
gitea-cicd.apps.aws2-dev.ocp.14west.io/cicd/trackmate-message-consumer/pkg/handlers/consumer-mock.go:265.58,267.2 1 0
gitea-cicd.apps.aws2-dev.ocp.14west.io/cicd/trackmate-message-consumer/pkg/handlers/consumer-mock.go:274.72,283.2 6 1
gitea-cicd.apps.aws2-dev.ocp.14west.io/cicd/trackmate-message-consumer/pkg/handlers/consumer-mock.go:290.52,296.2 1 1
gitea-cicd.apps.aws2-dev.ocp.14west.io/cicd/trackmate-message-consumer/pkg/handlers/consumer-mock.go:301.61,303.2 1 0
gitea-cicd.apps.aws2-dev.ocp.14west.io/cicd/trackmate-message-consumer/pkg/handlers/consumer-mock.go:308.59,310.2 1 0
gitea-cicd.apps.aws2-dev.ocp.14west.io/cicd/trackmate-message-consumer/pkg/handlers/consumer.go:18.36,22.15 2 1
gitea-cicd.apps.aws2-dev.ocp.14west.io/cicd/trackmate-message-consumer/pkg/handlers/consumer.go:28.2,40.12 7 1
gitea-cicd.apps.aws2-dev.ocp.14west.io/cicd/trackmate-message-consumer/pkg/handlers/consumer.go:61.2,62.59 2 1
gitea-cicd.apps.aws2-dev.ocp.14west.io/cicd/trackmate-message-consumer/pkg/handlers/consumer.go:22.15,23.36 1 1
gitea-cicd.apps.aws2-dev.ocp.14west.io/cicd/trackmate-message-consumer/pkg/handlers/consumer.go:23.36,24.14 1 0
gitea-cicd.apps.aws2-dev.ocp.14west.io/cicd/trackmate-message-consumer/pkg/handlers/consumer.go:40.12,41.7 1 1
gitea-cicd.apps.aws2-dev.ocp.14west.io/cicd/trackmate-message-consumer/pkg/handlers/consumer.go:41.7,42.11 1 1
gitea-cicd.apps.aws2-dev.ocp.14west.io/cicd/trackmate-message-consumer/pkg/handlers/consumer.go:43.27,46.55 3 1
gitea-cicd.apps.aws2-dev.ocp.14west.io/cicd/trackmate-message-consumer/pkg/handlers/consumer.go:50.35,53.25 3 1
gitea-cicd.apps.aws2-dev.ocp.14west.io/cicd/trackmate-message-consumer/pkg/handlers/consumer.go:54.19,56.25 2 0
gitea-cicd.apps.aws2-dev.ocp.14west.io/cicd/trackmate-message-consumer/pkg/handlers/consumer.go:46.55,49.6 2 1
gitea-cicd.apps.aws2-dev.ocp.14west.io/cicd/trackmate-message-consumer/pkg/handlers/consumer.go:66.139,71.31 4 1
gitea-cicd.apps.aws2-dev.ocp.14west.io/cicd/trackmate-message-consumer/pkg/handlers/consumer.go:108.2,108.26 1 1
gitea-cicd.apps.aws2-dev.ocp.14west.io/cicd/trackmate-message-consumer/pkg/handlers/consumer.go:71.31,73.52 2 1
gitea-cicd.apps.aws2-dev.ocp.14west.io/cicd/trackmate-message-consumer/pkg/handlers/consumer.go:77.3,77.34 1 1
gitea-cicd.apps.aws2-dev.ocp.14west.io/cicd/trackmate-message-consumer/pkg/handlers/consumer.go:73.52,74.12 1 0
gitea-cicd.apps.aws2-dev.ocp.14west.io/cicd/trackmate-message-consumer/pkg/handlers/consumer.go:77.34,79.33 2 1
gitea-cicd.apps.aws2-dev.ocp.14west.io/cicd/trackmate-message-consumer/pkg/handlers/consumer.go:79.33,82.19 2 1
gitea-cicd.apps.aws2-dev.ocp.14west.io/cicd/trackmate-message-consumer/pkg/handlers/consumer.go:86.5,87.62 2 1
gitea-cicd.apps.aws2-dev.ocp.14west.io/cicd/trackmate-message-consumer/pkg/handlers/consumer.go:82.19,84.11 2 1
gitea-cicd.apps.aws2-dev.ocp.14west.io/cicd/trackmate-message-consumer/pkg/handlers/consumer.go:87.62,88.10 1 1
gitea-cicd.apps.aws2-dev.ocp.14west.io/cicd/trackmate-message-consumer/pkg/handlers/consumer.go:88.10,89.14 1 1
gitea-cicd.apps.aws2-dev.ocp.14west.io/cicd/trackmate-message-consumer/pkg/handlers/consumer.go:90.49,92.68 2 1
gitea-cicd.apps.aws2-dev.ocp.14west.io/cicd/trackmate-message-consumer/pkg/handlers/consumer.go:94.41,99.22 4 1
gitea-cicd.apps.aws2-dev.ocp.14west.io/cicd/trackmate-message-consumer/pkg/handlers/consumer.go:99.22,101.9 1 1
gitea-cicd.apps.aws2-dev.ocp.14west.io/cicd/trackmate-message-consumer/pkg/handlers/consumer.go:112.75,117.16 2 1
gitea-cicd.apps.aws2-dev.ocp.14west.io/cicd/trackmate-message-consumer/pkg/handlers/consumer.go:117.16,123.18 4 1
gitea-cicd.apps.aws2-dev.ocp.14west.io/cicd/trackmate-message-consumer/pkg/handlers/consumer.go:128.3,131.17 4 1
gitea-cicd.apps.aws2-dev.ocp.14west.io/cicd/trackmate-message-consumer/pkg/handlers/consumer.go:137.3,138.13 2 1
gitea-cicd.apps.aws2-dev.ocp.14west.io/cicd/trackmate-message-consumer/pkg/handlers/consumer.go:123.18,126.4 2 1
gitea-cicd.apps.aws2-dev.ocp.14west.io/cicd/trackmate-message-consumer/pkg/handlers/consumer.go:131.17,134.4 2 0
gitea-cicd.apps.aws2-dev.ocp.14west.io/cicd/trackmate-message-consumer/pkg/handlers/consumer.go:140.8,143.3 2 1
